Arguments: 
  /usr/local/bin/node /Users/dmitry/.yarn/bin/yarn.js add dcopy

PATH: 
  /Users/dmitry/.yarn/bin:/Users/dmitry/.config/yarn/global/node_modules/.bin:/Users/dmitry/Library/Python/2.7/bin:/Library/Frameworks/Python.framework/Versions/3.7/bin:/usr/local/bin:/usr/bin:/bin:/usr/sbin:/sbin:/Applications/Postgres.app/Contents/Versions/latest/bin

Yarn version: 
  1.12.3

Node version: 
  10.9.0

Platform: 
  darwin x64

Trace: 
  Error: https://registry.yarnpkg.com/dcopy: Not found
      at Request.params.callback [as _callback] (/Users/dmitry/.yarn/lib/cli.js:65894:18)
      at Request.self.callback (/Users/dmitry/.yarn/lib/cli.js:129018:22)
      at Request.emit (events.js:182:13)
      at Request.<anonymous> (/Users/dmitry/.yarn/lib/cli.js:129990:10)
      at Request.emit (events.js:182:13)
      at IncomingMessage.<anonymous> (/Users/dmitry/.yarn/lib/cli.js:129912:12)
      at Object.onceWrapper (events.js:273:13)
      at IncomingMessage.emit (events.js:187:15)
      at endReadableNT (_stream_readable.js:1085:12)
      at process._tickCallback (internal/process/next_tick.js:63:19)

npm manifest: 
  {
    "name": "computorv1_node",
    "version": "1.0.0",
    "description": "",
    "main": "main.js",
    "scripts": {
      "test": "echo \"Error: no test specified\" && exit 1",
      "build": "tsc ./index.ts",
      "start": "npm run build && node dist/index.js"
    },
    "keywords": [],
    "types": "./main.d.ts",
    "author": "",
    "license": "MIT",
    "devDependencies": {
      "@types/node": "^11.13.0",
      "babel-cli": "^6.26.0",
      "babel-preset-env": "^1.7.0",
      "babel-preset-es2015": "^6.24.1",
      "babel-register": "^6.26.0",
      "rimraf": "^2.6.3",
      "typescript": "^3.4.2"
    },
    "dependencies": {
      "esm": "^3.2.22",
      "express": "^4.16.4"
    }
  }

yarn manifest: 
  No manifest

Lockfile: 
  No lockfile
